<?xml version="1.0" encoding="UTF-8"?>
<!-- Generated by org.testng.reporters.JUnitXMLReporter -->
<testsuite hostname="sony" ignored="0" name="Sanity" tests="5" failures="1" timestamp="2020-07-17T09:50:44 PDT" time="74.839" errors="0">
  <testcase name="beforeMethod" time="47.408" classname="packs.NewTest"/>
  <testcase name="registration" time="10.304" classname="packs.NewTest"/>
  <testcase name="login" time="2.01" classname="packs.NewTest">
    <failure type="junit.framework.ComparisonFailure" message="expected:&amp;lt;...ndex.php?controller=[my-account]&amp;gt; but was:&amp;lt;...ndex.php?controller=[authentication]&amp;gt;">
      <![CDATA[junit.framework.ComparisonFailure: expected:<...ndex.php?controller=[my-account]> but was:<...ndex.php?controller=[authentication]>
at junit.framework.Assert.assertEquals(Assert.java:100)
at junit.framework.Assert.assertEquals(Assert.java:107)
at packs.NewTest.login(NewTest.java:80)
at java.util.ArrayList.forEach(ArrayList.java:1257)
... Removed 27 stack frames]]>
    </failure>
  </testcase> <!-- login -->
  <testcase name="search" time="0.0" classname="packs.NewTest">
    <skipped/>
  </testcase> <!-- search -->
  <testcase name="addToCart" time="0.0" classname="packs.NewTest">
    <skipped/>
  </testcase> <!-- addToCart -->
</testsuite> <!-- Sanity -->
